<?xml version="1.0" encoding="UTF-8"?>
<!-- Generated by org.testng.reporters.JUnitReportReporter -->
<testsuite hostname="aadel" failures="0" tests="1" name="tests.User_Choose_Language" time="29.846" errors="0" timestamp="2020-12-14T03:19:59 EET" skipped="0">
  <testcase classname="tests.User_Choose_Language" name="ChooseLanguage" time="29.846"/>
  <system-out/>
</testsuite> <!-- tests.User_Choose_Language -->
